artifacts/contract-ai/twa-carrot/app/build/intermediates/manifest_merge_blame_file/release/processReleaseMainManifest/manifest-merger-blame-release-report.txt
1<?xml version="1.0" encoding="utf-8"?>
2<manifest xmlns:android="http://schemas.android.com/apk/res/android"
3    package="com.contractaiscan.app"
4    android:versionCode="3"
5    android:versionName="2.0.0" >
6
7    <uses-sdk
8        android:minSdkVersion="23"
9        android:targetSdkVersion="36" />
10
11    <uses-permission android:name="android.permission.INTERNET" />
11-->src/main/AndroidManifest.xml:4:5-67
11-->src/main/AndroidManifest.xml:4:22-64
12    <uses-permission android:name="android.permission.ACCESS_NETWORK_STATE" />
12-->src/main/AndroidManifest.xml:5:5-79
12-->src/main/AndroidManifest.xml:5:22-76
13
14    <queries>
14-->[com.google.androidbrowserhelper:androidbrowserhelper:2.5.0] AndroidManifest.xml:26:5-34:15
15        <intent>
15-->[com.google.androidbrowserhelper:androidbrowserhelper:2.5.0] AndroidManifest.xml:27:9-33:18
16            <action android:name="android.intent.action.VIEW" />
16-->src/main/AndroidManifest.xml:58:17-69
16-->src/main/AndroidManifest.xml:58:25-66
17
18            <category android:name="android.intent.category.BROWSABLE" />
18-->src/main/AndroidManifest.xml:60:17-78
18-->src/main/AndroidManifest.xml:60:27-75
19
20            <data android:scheme="https" />
20-->src/main/AndroidManifest.xml:61:17-63:86
20-->src/main/AndroidManifest.xml:62:21-43
21        </intent>
22    </queries>
23
24    <permission
24-->[androidx.core:core:1.9.0] AndroidManifest.xml:22:5-24:47
25        android:name="com.contractaiscan.app.DYNAMIC_RECEIVER_NOT_EXPORTED_PERMISSION"
25-->[androidx.core:core:1.9.0] AndroidManifest.xml:23:9-81
26        android:protectionLevel="signature" />
26-->[androidx.core:core:1.9.0] AndroidManifest.xml:24:9-44
27
28    <uses-permission android:name="com.contractaiscan.app.DYNAMIC_RECEIVER_NOT_EXPORTED_PERMISSION" />
28-->[androidx.core:core:1.9.0] AndroidManifest.xml:26:5-97
28-->[androidx.core:core:1.9.0] AndroidManifest.xml:26:22-94
29
30    <application
30-->src/main/AndroidManifest.xml:7:5-78:19
31        android:allowBackup="true"
31-->src/main/AndroidManifest.xml:8:9-35
32        android:appComponentFactory="androidx.core.app.CoreComponentFactory"
32-->[androidx.core:core:1.9.0] AndroidManifest.xml:28:18-86
33        android:extractNativeLibs="false"
34        android:icon="@mipmap/ic_launcher"
34-->src/main/AndroidManifest.xml:9:9-43
35        android:label="@string/app_name"
35-->src/main/AndroidManifest.xml:11:9-41
36        android:roundIcon="@mipmap/ic_launcher_round"
36-->src/main/AndroidManifest.xml:10:9-54
37        android:supportsRtl="true"
37-->src/main/AndroidManifest.xml:12:9-35
38        android:theme="@style/Theme.ContractAI" >
38-->src/main/AndroidManifest.xml:13:9-48
39        <activity
39-->src/main/AndroidManifest.xml:15:9-66:20
40            android:name="com.google.androidbrowserhelper.trusted.LauncherActivity"
40-->src/main/AndroidManifest.xml:16:13-84
41            android:exported="true"
41-->src/main/AndroidManifest.xml:17:13-36
42            android:label="@string/app_name" >
42-->src/main/AndroidManifest.xml:18:13-45
43            <meta-data
43-->src/main/AndroidManifest.xml:20:13-22:51
44                android:name="android.support.customtabs.trusted.DEFAULT_URL"
44-->src/main/AndroidManifest.xml:21:17-78
45                android:value="@string/twa_url" />
45-->src/main/AndroidManifest.xml:22:17-48
46            <meta-data
46-->src/main/AndroidManifest.xml:24:13-26:58
47                android:name="android.support.customtabs.trusted.STATUS_BAR_COLOR"
47-->src/main/AndroidManifest.xml:25:17-83
48                android:resource="@color/colorPrimary" />
48-->src/main/AndroidManifest.xml:26:17-55
49            <meta-data
49-->src/main/AndroidManifest.xml:28:13-30:58
50                android:name="android.support.customtabs.trusted.STATUS_BAR_COLOR_DARK"
50-->src/main/AndroidManifest.xml:29:17-88
51                android:resource="@color/colorPrimary" />
51-->src/main/AndroidManifest.xml:30:17-55
52            <meta-data
52-->src/main/AndroidManifest.xml:32:13-34:58
53                android:name="android.support.customtabs.trusted.NAVIGATION_BAR_COLOR"
53-->src/main/AndroidManifest.xml:33:17-87
54                android:resource="@color/colorPrimary" />
54-->src/main/AndroidManifest.xml:34:17-55
55            <meta-data
55-->src/main/AndroidManifest.xml:36:13-38:58
56                android:name="android.support.customtabs.trusted.SPLASH_SCREEN_BACKGROUND_COLOR"
56-->src/main/AndroidManifest.xml:37:17-97
57                android:resource="@color/colorPrimary" />
57-->src/main/AndroidManifest.xml:38:17-55
58            <meta-data
58-->src/main/AndroidManifest.xml:40:13-42:60
59                android:name="android.support.customtabs.trusted.SPLASH_IMAGE_DRAWABLE"
59-->src/main/AndroidManifest.xml:41:17-88
60                android:resource="@drawable/splash_icon" />
60-->src/main/AndroidManifest.xml:42:17-57
61            <meta-data
61-->src/main/AndroidManifest.xml:44:13-46:39
62                android:name="android.support.customtabs.trusted.SPLASH_SCREEN_FADE_OUT_DURATION"
62-->src/main/AndroidManifest.xml:45:17-98
63                android:value="300" />
63-->src/main/AndroidManifest.xml:46:17-36
64            <meta-data
64-->src/main/AndroidManifest.xml:48:13-50:71
65                android:name="android.support.customtabs.trusted.FILE_PROVIDER_AUTHORITY"
65-->src/main/AndroidManifest.xml:49:17-90
66                android:value="com.contractaiscan.app.fileprovider" />
66-->src/main/AndroidManifest.xml:50:17-68
67
68            <intent-filter>
68-->src/main/AndroidManifest.xml:52:13-55:29
69                <action android:name="android.intent.action.MAIN" />
69-->src/main/AndroidManifest.xml:53:17-69
69-->src/main/AndroidManifest.xml:53:25-66
70
71                <category android:name="android.intent.category.LAUNCHER" />
71-->src/main/AndroidManifest.xml:54:17-77
71-->src/main/AndroidManifest.xml:54:27-74
72            </intent-filter>
73            <intent-filter android:autoVerify="true" >
73-->src/main/AndroidManifest.xml:57:13-64:29
73-->src/main/AndroidManifest.xml:57:28-53
74                <action android:name="android.intent.action.VIEW" />
74-->src/main/AndroidManifest.xml:58:17-69
74-->src/main/AndroidManifest.xml:58:25-66
75
76                <category android:name="android.intent.category.DEFAULT" />
76-->src/main/AndroidManifest.xml:59:17-76
76-->src/main/AndroidManifest.xml:59:27-73
77                <category android:name="android.intent.category.BROWSABLE" />
77-->src/main/AndroidManifest.xml:60:17-78
77-->src/main/AndroidManifest.xml:60:27-75
78
79                <data
79-->src/main/AndroidManifest.xml:61:17-63:86
80                    android:host="contract-ai-web-app--contractscanner.replit.app"
80-->src/main/AndroidManifest.xml:63:21-83
81                    android:scheme="https" />
81-->src/main/AndroidManifest.xml:62:21-43
82            </intent-filter>
83        </activity>
84
85        <provider
85-->src/main/AndroidManifest.xml:68:9-76:20
86            android:name="androidx.core.content.FileProvider"
86-->src/main/AndroidManifest.xml:69:13-62
87            android:authorities="com.contractaiscan.app.fileprovider"
87-->src/main/AndroidManifest.xml:70:13-70
88            android:exported="false"
88-->src/main/AndroidManifest.xml:71:13-37
89            android:grantUriPermissions="true" >
89-->src/main/AndroidManifest.xml:72:13-47
90            <meta-data
90-->src/main/AndroidManifest.xml:73:13-75:54
91                android:name="android.support.FILE_PROVIDER_PATHS"
91-->src/main/AndroidManifest.xml:74:17-67
92                android:resource="@xml/file_paths" />
92-->src/main/AndroidManifest.xml:75:17-51
93        </provider>
94        <provider
94-->[androidx.emoji2:emoji2:1.2.0] AndroidManifest.xml:24:9-32:20
95            android:name="androidx.startup.InitializationProvider"
95-->[androidx.emoji2:emoji2:1.2.0] AndroidManifest.xml:25:13-67
96            android:authorities="com.contractaiscan.app.androidx-startup"
96-->[androidx.emoji2:emoji2:1.2.0] AndroidManifest.xml:26:13-68
97            android:exported="false" >
97-->[androidx.emoji2:emoji2:1.2.0] AndroidManifest.xml:27:13-37
98            <meta-data
98-->[androidx.emoji2:emoji2:1.2.0] AndroidManifest.xml:29:13-31:52
99                android:name="androidx.emoji2.text.EmojiCompatInitializer"
99-->[androidx.emoji2:emoji2:1.2.0] AndroidManifest.xml:30:17-75
100                android:value="androidx.startup" />
100-->[androidx.emoji2:emoji2:1.2.0] AndroidManifest.xml:31:17-49
101            <meta-data
101-->[androidx.lifecycle:lifecycle-process:2.4.1] AndroidManifest.xml:31:13-33:52
102                android:name="androidx.lifecycle.ProcessLifecycleInitializer"
102-->[androidx.lifecycle:lifecycle-process:2.4.1] AndroidManifest.xml:32:17-78
103                android:value="androidx.startup" />
103-->[androidx.lifecycle:lifecycle-process:2.4.1] AndroidManifest.xml:33:17-49
104        </provider>
105    </application>
106
107</manifest>